
--------------------------------------------------
TXLib предупреждает:

Программа: W:\CrackMe\patcher\patcher.exe,

ВНЕЗАПНО: Нарушение доступа к памяти.

#2: Исключение EXCEPTION_ACCESS_VIOLATION (0xC0000005) при выполнении кода по адресу 0x00007FF88A2C4564. Попытка записать данные по адресу 0x00000001005C50C3 в модуле C:\Windows\System32\msvcrt.dll. Спасибо _txVectoredExceptionHandler(), что сообщил. Люблю его <3

#1: TXLib [Ver: 00173a, Rev: 171, Date: 2022-07-23 02:08:28 +0400], Instance: 0x00000000005C5030 (64-bit), Flags: Cmdre0, Thread: 0xF4C (Main), GetLastError(): 317 (Не удается найти текст сообщения с номером 0x%1 в файле сообщений %2), errno: 22 (Invalid argument), _doserrno: 3 (No such process). 

--------------------------------------------------
Стек вызовов:



--------------------------------------------------
Developed with:

The Dumb Artist Library (TX Library)
TXLib [Ver: 00173a, Rev: 171, Date: 2022-07-23 02:08:28 +0400]
Copyright (C) Ded (Ilya Dedinsky, http://txlib.ru) <mail@txlib.ru>
See license on: http://txlib.ru

TXLib file:	TXLib.h
Compiled:	Mar 14 2023 00:29:08, GNU g++ 9.2.0, std=201402L, MinGW-W64 Runtime 7.0.0 (alpha - rev. 0) 0000-00-00, 64-bit, Debug
Started:	Mar 14 2023 00:29:11

Run file:	W:\CrackMe\patcher\patcher.exe
Directory:	W:\CrackMe\patcher

--------------------------------------------------

--------------------------------------------------
TXLib соболезнует...

Программа: W:\CrackMe\patcher\patcher.exe,

ВНЕЗАПНО: signal (11, 0x00): SIGSEGV: Доступ по неверному указателю. Ставьте ассерты! 

Нарушение доступа к памяти.

#2: Исключение EXCEPTION_ACCESS_VIOLATION (0xC0000005) при выполнении кода по адресу 0x00007FF88A2C4564. Попытка записать данные по адресу 0x00000001005C50C3 в модуле C:\Windows\System32\msvcrt.dll. Спасибо _txVectoredExceptionHandler(), что сообщил. Люблю его <3

С помощью функции signal() вы можете сами обработать эту ошибку.

#2: TXLib [Ver: 00173a, Rev: 171, Date: 2022-07-23 02:08:28 +0400], Instance: 0x00000000005C5030 (64-bit), Flags: Cmdre0, Thread: 0xF4C (Main), errno: 22 (Invalid argument), _doserrno: 3 (No such process). 

--------------------------------------------------
Стек вызовов:



--------------------------------------------------
Developed with:

The Dumb Artist Library (TX Library)
TXLib [Ver: 00173a, Rev: 171, Date: 2022-07-23 02:08:28 +0400]
Copyright (C) Ded (Ilya Dedinsky, http://txlib.ru) <mail@txlib.ru>
See license on: http://txlib.ru

TXLib file:	TXLib.h
Compiled:	Mar 14 2023 00:29:08, GNU g++ 9.2.0, std=201402L, MinGW-W64 Runtime 7.0.0 (alpha - rev. 0) 0000-00-00, 64-bit, Debug
Started:	Mar 14 2023 00:29:11

Run file:	W:\CrackMe\patcher\patcher.exe
Directory:	W:\CrackMe\patcher

--------------------------------------------------

--------------------------------------------------
TXLib предупреждает:

Программа: W:\CrackMe\patcher\patcher.exe,

ВНЕЗАПНО: Нарушение доступа к памяти.

#2: Исключение EXCEPTION_ACCESS_VIOLATION (0xC0000005) при выполнении кода по адресу 0x00007FF88A2C4564. Попытка записать данные по адресу 0x00000001005C50C3 в модуле C:\Windows\System32\msvcrt.dll. Спасибо _txVectoredExceptionHandler(), что сообщил. Люблю его <3

#1: TXLib [Ver: 00173a, Rev: 171, Date: 2022-07-23 02:08:28 +0400], Instance: 0x00000000005C5030 (64-bit), Flags: Cmdre0, Thread: 0x2F7C (Main), GetLastError(): 317 (Не удается найти текст сообщения с номером 0x%1 в файле сообщений %2), errno: 22 (Invalid argument), _doserrno: 3 (No such process). 

--------------------------------------------------
Стек вызовов:



--------------------------------------------------
Developed with:

The Dumb Artist Library (TX Library)
TXLib [Ver: 00173a, Rev: 171, Date: 2022-07-23 02:08:28 +0400]
Copyright (C) Ded (Ilya Dedinsky, http://txlib.ru) <mail@txlib.ru>
See license on: http://txlib.ru

TXLib file:	TXLib.h
Compiled:	Mar 14 2023 00:29:08, GNU g++ 9.2.0, std=201402L, MinGW-W64 Runtime 7.0.0 (alpha - rev. 0) 0000-00-00, 64-bit, Debug
Started:	Mar 14 2023 00:29:18

Run file:	W:\CrackMe\patcher\patcher.exe
Directory:	W:\CrackMe\patcher

--------------------------------------------------

--------------------------------------------------
TXLib соболезнует...

Программа: W:\CrackMe\patcher\patcher.exe,

ВНЕЗАПНО: signal (11, 0x00): SIGSEGV: Доступ по неверному указателю. Ставьте ассерты! 

Нарушение доступа к памяти.

#2: Исключение EXCEPTION_ACCESS_VIOLATION (0xC0000005) при выполнении кода по адресу 0x00007FF88A2C4564. Попытка записать данные по адресу 0x00000001005C50C3 в модуле C:\Windows\System32\msvcrt.dll. Спасибо _txVectoredExceptionHandler(), что сообщил. Люблю его <3

С помощью функции signal() вы можете сами обработать эту ошибку.

#2: TXLib [Ver: 00173a, Rev: 171, Date: 2022-07-23 02:08:28 +0400], Instance: 0x00000000005C5030 (64-bit), Flags: Cmdre0, Thread: 0x2F7C (Main), errno: 22 (Invalid argument), _doserrno: 3 (No such process). 

--------------------------------------------------
Стек вызовов:



--------------------------------------------------
Developed with:

The Dumb Artist Library (TX Library)
TXLib [Ver: 00173a, Rev: 171, Date: 2022-07-23 02:08:28 +0400]
Copyright (C) Ded (Ilya Dedinsky, http://txlib.ru) <mail@txlib.ru>
See license on: http://txlib.ru

TXLib file:	TXLib.h
Compiled:	Mar 14 2023 00:29:08, GNU g++ 9.2.0, std=201402L, MinGW-W64 Runtime 7.0.0 (alpha - rev. 0) 0000-00-00, 64-bit, Debug
Started:	Mar 14 2023 00:29:18

Run file:	W:\CrackMe\patcher\patcher.exe
Directory:	W:\CrackMe\patcher

--------------------------------------------------

--------------------------------------------------
TXLib предупреждает:

Программа: W:\CrackMe\patcher\patcher.exe,

ВНЕЗАПНО: Нарушение доступа к памяти.

#2: Исключение EXCEPTION_ACCESS_VIOLATION (0xC0000005) при выполнении кода по адресу 0x00007FF88A2C4564. Попытка записать данные по адресу 0x00000001005C50C3 в модуле C:\Windows\System32\msvcrt.dll. Спасибо _txVectoredExceptionHandler(), что сообщил. Люблю его <3

#1: TXLib [Ver: 00173a, Rev: 171, Date: 2022-07-23 02:08:28 +0400], Instance: 0x00000000005C5030 (64-bit), Flags: Cmdre0, Thread: 0x2DB0 (Main), GetLastError(): 317 (Не удается найти текст сообщения с номером 0x%1 в файле сообщений %2), errno: 22 (Invalid argument), _doserrno: 3 (No such process). 

--------------------------------------------------
Стек вызовов:



--------------------------------------------------
Developed with:

The Dumb Artist Library (TX Library)
TXLib [Ver: 00173a, Rev: 171, Date: 2022-07-23 02:08:28 +0400]
Copyright (C) Ded (Ilya Dedinsky, http://txlib.ru) <mail@txlib.ru>
See license on: http://txlib.ru

TXLib file:	TXLib.h
Compiled:	Mar 14 2023 00:32:03, GNU g++ 9.2.0, std=201402L, MinGW-W64 Runtime 7.0.0 (alpha - rev. 0) 0000-00-00, 64-bit, Debug
Started:	Mar 14 2023 00:32:06

Run file:	W:\CrackMe\patcher\patcher.exe
Directory:	W:\CrackMe\patcher

--------------------------------------------------

--------------------------------------------------
TXLib соболезнует...

Программа: W:\CrackMe\patcher\patcher.exe,

ВНЕЗАПНО: signal (11, 0x00): SIGSEGV: Доступ по неверному указателю. Ставьте ассерты! 

Нарушение доступа к памяти.

#2: Исключение EXCEPTION_ACCESS_VIOLATION (0xC0000005) при выполнении кода по адресу 0x00007FF88A2C4564. Попытка записать данные по адресу 0x00000001005C50C3 в модуле C:\Windows\System32\msvcrt.dll. Спасибо _txVectoredExceptionHandler(), что сообщил. Люблю его <3

С помощью функции signal() вы можете сами обработать эту ошибку.

#2: TXLib [Ver: 00173a, Rev: 171, Date: 2022-07-23 02:08:28 +0400], Instance: 0x00000000005C5030 (64-bit), Flags: Cmdre0, Thread: 0x2DB0 (Main), errno: 22 (Invalid argument), _doserrno: 3 (No such process). 

--------------------------------------------------
Стек вызовов:



--------------------------------------------------
Developed with:

The Dumb Artist Library (TX Library)
TXLib [Ver: 00173a, Rev: 171, Date: 2022-07-23 02:08:28 +0400]
Copyright (C) Ded (Ilya Dedinsky, http://txlib.ru) <mail@txlib.ru>
See license on: http://txlib.ru

TXLib file:	TXLib.h
Compiled:	Mar 14 2023 00:32:03, GNU g++ 9.2.0, std=201402L, MinGW-W64 Runtime 7.0.0 (alpha - rev. 0) 0000-00-00, 64-bit, Debug
Started:	Mar 14 2023 00:32:06

Run file:	W:\CrackMe\patcher\patcher.exe
Directory:	W:\CrackMe\patcher

--------------------------------------------------

--------------------------------------------------
TXLib предупреждает:

Программа: W:\CrackMe\patcher\patcher.exe,

ВНЕЗАПНО: Нарушение доступа к памяти.

#2: Исключение EXCEPTION_ACCESS_VIOLATION (0xC0000005) при выполнении кода по адресу 0x00007FF88A2C4564. Попытка записать данные по адресу 0x00000001005C50C3 в модуле C:\Windows\System32\msvcrt.dll. Спасибо _txVectoredExceptionHandler(), что сообщил. Люблю его <3

#1: TXLib [Ver: 00173a, Rev: 171, Date: 2022-07-23 02:08:28 +0400], Instance: 0x00000000005C5030 (64-bit), Flags: Cmdre0, Thread: 0x213C (Main), GetLastError(): 317 (Не удается найти текст сообщения с номером 0x%1 в файле сообщений %2), errno: 22 (Invalid argument), _doserrno: 3 (No such process). 

--------------------------------------------------
Стек вызовов:



--------------------------------------------------
Developed with:

The Dumb Artist Library (TX Library)
TXLib [Ver: 00173a, Rev: 171, Date: 2022-07-23 02:08:28 +0400]
Copyright (C) Ded (Ilya Dedinsky, http://txlib.ru) <mail@txlib.ru>
See license on: http://txlib.ru

TXLib file:	TXLib.h
Compiled:	Mar 14 2023 00:32:44, GNU g++ 9.2.0, std=201402L, MinGW-W64 Runtime 7.0.0 (alpha - rev. 0) 0000-00-00, 64-bit, Debug
Started:	Mar 14 2023 00:32:46

Run file:	W:\CrackMe\patcher\patcher.exe
Directory:	W:\CrackMe\patcher

--------------------------------------------------

--------------------------------------------------
TXLib соболезнует...

Программа: W:\CrackMe\patcher\patcher.exe,

ВНЕЗАПНО: signal (11, 0x00): SIGSEGV: Доступ по неверному указателю. Ставьте ассерты! 

Нарушение доступа к памяти.

#2: Исключение EXCEPTION_ACCESS_VIOLATION (0xC0000005) при выполнении кода по адресу 0x00007FF88A2C4564. Попытка записать данные по адресу 0x00000001005C50C3 в модуле C:\Windows\System32\msvcrt.dll. Спасибо _txVectoredExceptionHandler(), что сообщил. Люблю его <3

С помощью функции signal() вы можете сами обработать эту ошибку.

#2: TXLib [Ver: 00173a, Rev: 171, Date: 2022-07-23 02:08:28 +0400], Instance: 0x00000000005C5030 (64-bit), Flags: Cmdre0, Thread: 0x213C (Main), errno: 22 (Invalid argument), _doserrno: 3 (No such process). 

--------------------------------------------------
Стек вызовов:



--------------------------------------------------
Developed with:

The Dumb Artist Library (TX Library)
TXLib [Ver: 00173a, Rev: 171, Date: 2022-07-23 02:08:28 +0400]
Copyright (C) Ded (Ilya Dedinsky, http://txlib.ru) <mail@txlib.ru>
See license on: http://txlib.ru

TXLib file:	TXLib.h
Compiled:	Mar 14 2023 00:32:44, GNU g++ 9.2.0, std=201402L, MinGW-W64 Runtime 7.0.0 (alpha - rev. 0) 0000-00-00, 64-bit, Debug
Started:	Mar 14 2023 00:32:46

Run file:	W:\CrackMe\patcher\patcher.exe
Directory:	W:\CrackMe\patcher

--------------------------------------------------

--------------------------------------------------
TXLib предупреждает:

Программа: W:\CrackMe\patcher\patcher.exe,

ВНЕЗАПНО: Нарушение доступа к памяти.

#2: Исключение EXCEPTION_ACCESS_VIOLATION (0xC0000005) при выполнении кода по адресу 0x00007FF88A2C4564. Попытка записать данные по адресу 0x00000001005C50C3 в модуле C:\Windows\System32\msvcrt.dll. Спасибо _txVectoredExceptionHandler(), что сообщил. Люблю его <3

#1: TXLib [Ver: 00173a, Rev: 171, Date: 2022-07-23 02:08:28 +0400], Instance: 0x00000000005C5030 (64-bit), Flags: Cmdre0, Thread: 0x37F0 (Main), GetLastError(): 317 (Не удается найти текст сообщения с номером 0x%1 в файле сообщений %2), errno: 22 (Invalid argument), _doserrno: 3 (No such process). 

--------------------------------------------------
Стек вызовов:



--------------------------------------------------
Developed with:

The Dumb Artist Library (TX Library)
TXLib [Ver: 00173a, Rev: 171, Date: 2022-07-23 02:08:28 +0400]
Copyright (C) Ded (Ilya Dedinsky, http://txlib.ru) <mail@txlib.ru>
See license on: http://txlib.ru

TXLib file:	TXLib.h
Compiled:	Mar 14 2023 00:33:50, GNU g++ 9.2.0, std=201402L, MinGW-W64 Runtime 7.0.0 (alpha - rev. 0) 0000-00-00, 64-bit, Debug
Started:	Mar 14 2023 00:33:53

Run file:	W:\CrackMe\patcher\patcher.exe
Directory:	W:\CrackMe\patcher

--------------------------------------------------

--------------------------------------------------
TXLib соболезнует...

Программа: W:\CrackMe\patcher\patcher.exe,

ВНЕЗАПНО: signal (11, 0x00): SIGSEGV: Доступ по неверному указателю. Ставьте ассерты! 

Нарушение доступа к памяти.

#2: Исключение EXCEPTION_ACCESS_VIOLATION (0xC0000005) при выполнении кода по адресу 0x00007FF88A2C4564. Попытка записать данные по адресу 0x00000001005C50C3 в модуле C:\Windows\System32\msvcrt.dll. Спасибо _txVectoredExceptionHandler(), что сообщил. Люблю его <3

С помощью функции signal() вы можете сами обработать эту ошибку.

#2: TXLib [Ver: 00173a, Rev: 171, Date: 2022-07-23 02:08:28 +0400], Instance: 0x00000000005C5030 (64-bit), Flags: Cmdre0, Thread: 0x37F0 (Main), errno: 22 (Invalid argument), _doserrno: 3 (No such process). 

--------------------------------------------------
Стек вызовов:



--------------------------------------------------
Developed with:

The Dumb Artist Library (TX Library)
TXLib [Ver: 00173a, Rev: 171, Date: 2022-07-23 02:08:28 +0400]
Copyright (C) Ded (Ilya Dedinsky, http://txlib.ru) <mail@txlib.ru>
See license on: http://txlib.ru

TXLib file:	TXLib.h
Compiled:	Mar 14 2023 00:33:50, GNU g++ 9.2.0, std=201402L, MinGW-W64 Runtime 7.0.0 (alpha - rev. 0) 0000-00-00, 64-bit, Debug
Started:	Mar 14 2023 00:33:53

Run file:	W:\CrackMe\patcher\patcher.exe
Directory:	W:\CrackMe\patcher

--------------------------------------------------

--------------------------------------------------
TXLib предупреждает:

Программа: W:\CrackMe\patcher\patcher.exe,

ВНЕЗАПНО: Нарушение доступа к памяти.

#2: Исключение EXCEPTION_ACCESS_VIOLATION (0xC0000005) при выполнении кода по адресу 0x00007FF88A2C4564. Попытка записать данные по адресу 0x00000001005C60C3 в модуле C:\Windows\System32\msvcrt.dll. Спасибо _txVectoredExceptionHandler(), что сообщил. Люблю его <3

#1: TXLib [Ver: 00173a, Rev: 171, Date: 2022-07-23 02:08:28 +0400], Instance: 0x00000000005C6030 (64-bit), Flags: Cmdre0, Thread: 0x3BD8 (Main), GetLastError(): 317 (Не удается найти текст сообщения с номером 0x%1 в файле сообщений %2), errno: 22 (Invalid argument), _doserrno: 3 (No such process). 

--------------------------------------------------
Стек вызовов:



--------------------------------------------------
Developed with:

The Dumb Artist Library (TX Library)
TXLib [Ver: 00173a, Rev: 171, Date: 2022-07-23 02:08:28 +0400]
Copyright (C) Ded (Ilya Dedinsky, http://txlib.ru) <mail@txlib.ru>
See license on: http://txlib.ru

TXLib file:	TXLib.h
Compiled:	Mar 14 2023 01:51:38, GNU g++ 9.2.0, std=201402L, MinGW-W64 Runtime 7.0.0 (alpha - rev. 0) 0000-00-00, 64-bit, Debug
Started:	Mar 14 2023 01:51:41

Run file:	W:\CrackMe\patcher\patcher.exe
Directory:	W:\CrackMe\patcher

--------------------------------------------------

--------------------------------------------------
TXLib соболезнует...

Программа: W:\CrackMe\patcher\patcher.exe,

ВНЕЗАПНО: signal (11, 0x00): SIGSEGV: Доступ по неверному указателю. Ставьте ассерты! 

Нарушение доступа к памяти.

#2: Исключение EXCEPTION_ACCESS_VIOLATION (0xC0000005) при выполнении кода по адресу 0x00007FF88A2C4564. Попытка записать данные по адресу 0x00000001005C60C3 в модуле C:\Windows\System32\msvcrt.dll. Спасибо _txVectoredExceptionHandler(), что сообщил. Люблю его <3

С помощью функции signal() вы можете сами обработать эту ошибку.

#2: TXLib [Ver: 00173a, Rev: 171, Date: 2022-07-23 02:08:28 +0400], Instance: 0x00000000005C6030 (64-bit), Flags: Cmdre0, Thread: 0x3BD8 (Main), errno: 22 (Invalid argument), _doserrno: 3 (No such process). 

--------------------------------------------------
Стек вызовов:



--------------------------------------------------
Developed with:

The Dumb Artist Library (TX Library)
TXLib [Ver: 00173a, Rev: 171, Date: 2022-07-23 02:08:28 +0400]
Copyright (C) Ded (Ilya Dedinsky, http://txlib.ru) <mail@txlib.ru>
See license on: http://txlib.ru

TXLib file:	TXLib.h
Compiled:	Mar 14 2023 01:51:38, GNU g++ 9.2.0, std=201402L, MinGW-W64 Runtime 7.0.0 (alpha - rev. 0) 0000-00-00, 64-bit, Debug
Started:	Mar 14 2023 01:51:41

Run file:	W:\CrackMe\patcher\patcher.exe
Directory:	W:\CrackMe\patcher

--------------------------------------------------

--------------------------------------------------
TXLib предупреждает:

Программа: W:\CrackMe\patcher\patcher.exe,

ВНЕЗАПНО: Нарушение доступа к памяти.

#2: Исключение EXCEPTION_ACCESS_VIOLATION (0xC0000005) при выполнении кода по адресу 0x00007FF88A2C4564. Попытка записать данные по адресу 0x00000001005C60C3 в модуле C:\Windows\System32\msvcrt.dll. Спасибо _txVectoredExceptionHandler(), что сообщил. Люблю его <3

#1: TXLib [Ver: 00173a, Rev: 171, Date: 2022-07-23 02:08:28 +0400], Instance: 0x00000000005C6030 (64-bit), Flags: Cmdre0, Thread: 0x2F90 (Main), GetLastError(): 317 (Не удается найти текст сообщения с номером 0x%1 в файле сообщений %2), errno: 22 (Invalid argument), _doserrno: 3 (No such process). 

--------------------------------------------------
Стек вызовов:



--------------------------------------------------
Developed with:

The Dumb Artist Library (TX Library)
TXLib [Ver: 00173a, Rev: 171, Date: 2022-07-23 02:08:28 +0400]
Copyright (C) Ded (Ilya Dedinsky, http://txlib.ru) <mail@txlib.ru>
See license on: http://txlib.ru

TXLib file:	TXLib.h
Compiled:	Mar 14 2023 16:44:16, GNU g++ 9.2.0, std=201402L, MinGW-W64 Runtime 7.0.0 (alpha - rev. 0) 0000-00-00, 64-bit, Debug
Started:	Mar 14 2023 16:44:19

Run file:	W:\CrackMe\patcher\patcher.exe
Directory:	W:\CrackMe\patcher

--------------------------------------------------

--------------------------------------------------
TXLib соболезнует...

Программа: W:\CrackMe\patcher\patcher.exe,

ВНЕЗАПНО: signal (11, 0x00): SIGSEGV: Доступ по неверному указателю. Ставьте ассерты! 

Нарушение доступа к памяти.

#2: Исключение EXCEPTION_ACCESS_VIOLATION (0xC0000005) при выполнении кода по адресу 0x00007FF88A2C4564. Попытка записать данные по адресу 0x00000001005C60C3 в модуле C:\Windows\System32\msvcrt.dll. Спасибо _txVectoredExceptionHandler(), что сообщил. Люблю его <3

С помощью функции signal() вы можете сами обработать эту ошибку.

#2: TXLib [Ver: 00173a, Rev: 171, Date: 2022-07-23 02:08:28 +0400], Instance: 0x00000000005C6030 (64-bit), Flags: Cmdre0, Thread: 0x2F90 (Main), errno: 22 (Invalid argument), _doserrno: 3 (No such process). 

--------------------------------------------------
Стек вызовов:



--------------------------------------------------
Developed with:

The Dumb Artist Library (TX Library)
TXLib [Ver: 00173a, Rev: 171, Date: 2022-07-23 02:08:28 +0400]
Copyright (C) Ded (Ilya Dedinsky, http://txlib.ru) <mail@txlib.ru>
See license on: http://txlib.ru

TXLib file:	TXLib.h
Compiled:	Mar 14 2023 16:44:16, GNU g++ 9.2.0, std=201402L, MinGW-W64 Runtime 7.0.0 (alpha - rev. 0) 0000-00-00, 64-bit, Debug
Started:	Mar 14 2023 16:44:19

Run file:	W:\CrackMe\patcher\patcher.exe
Directory:	W:\CrackMe\patcher

--------------------------------------------------

--------------------------------------------------
TXLib предупреждает:

Программа: W:\CrackMe\patcher\patcher.exe,

ВНЕЗАПНО: Нарушение доступа к памяти.

#2: Исключение EXCEPTION_ACCESS_VIOLATION (0xC0000005) при выполнении кода по адресу 0x00007FF88A2C4564. Попытка записать данные по адресу 0x00000001005C60C3 в модуле C:\Windows\System32\msvcrt.dll. Спасибо _txVectoredExceptionHandler(), что сообщил. Люблю его <3

#1: TXLib [Ver: 00173a, Rev: 171, Date: 2022-07-23 02:08:28 +0400], Instance: 0x00000000005C6030 (64-bit), Flags: Cmdre0, Thread: 0x3410 (Main), GetLastError(): 317 (Не удается найти текст сообщения с номером 0x%1 в файле сообщений %2), errno: 22 (Invalid argument), _doserrno: 3 (No such process). 

--------------------------------------------------
Стек вызовов:



--------------------------------------------------
Developed with:

The Dumb Artist Library (TX Library)
TXLib [Ver: 00173a, Rev: 171, Date: 2022-07-23 02:08:28 +0400]
Copyright (C) Ded (Ilya Dedinsky, http://txlib.ru) <mail@txlib.ru>
See license on: http://txlib.ru

TXLib file:	TXLib.h
Compiled:	Mar 14 2023 16:46:28, GNU g++ 9.2.0, std=201402L, MinGW-W64 Runtime 7.0.0 (alpha - rev. 0) 0000-00-00, 64-bit, Debug
Started:	Mar 14 2023 16:46:31

Run file:	W:\CrackMe\patcher\patcher.exe
Directory:	W:\CrackMe\patcher

--------------------------------------------------

--------------------------------------------------
TXLib соболезнует...

Программа: W:\CrackMe\patcher\patcher.exe,

ВНЕЗАПНО: signal (11, 0x00): SIGSEGV: Доступ по неверному указателю. Ставьте ассерты! 

Нарушение доступа к памяти.

#2: Исключение EXCEPTION_ACCESS_VIOLATION (0xC0000005) при выполнении кода по адресу 0x00007FF88A2C4564. Попытка записать данные по адресу 0x00000001005C60C3 в модуле C:\Windows\System32\msvcrt.dll. Спасибо _txVectoredExceptionHandler(), что сообщил. Люблю его <3

С помощью функции signal() вы можете сами обработать эту ошибку.

#2: TXLib [Ver: 00173a, Rev: 171, Date: 2022-07-23 02:08:28 +0400], Instance: 0x00000000005C6030 (64-bit), Flags: Cmdre0, Thread: 0x3410 (Main), errno: 22 (Invalid argument), _doserrno: 3 (No such process). 

--------------------------------------------------
Стек вызовов:



--------------------------------------------------
Developed with:

The Dumb Artist Library (TX Library)
TXLib [Ver: 00173a, Rev: 171, Date: 2022-07-23 02:08:28 +0400]
Copyright (C) Ded (Ilya Dedinsky, http://txlib.ru) <mail@txlib.ru>
See license on: http://txlib.ru

TXLib file:	TXLib.h
Compiled:	Mar 14 2023 16:46:28, GNU g++ 9.2.0, std=201402L, MinGW-W64 Runtime 7.0.0 (alpha - rev. 0) 0000-00-00, 64-bit, Debug
Started:	Mar 14 2023 16:46:31

Run file:	W:\CrackMe\patcher\patcher.exe
Directory:	W:\CrackMe\patcher

--------------------------------------------------

--------------------------------------------------
TXLib предупреждает:

Программа: W:\CrackMe\patcher\patcher.exe,

ВНЕЗАПНО: Нарушение доступа к памяти.

#2: Исключение EXCEPTION_ACCESS_VIOLATION (0xC0000005) при выполнении кода по адресу 0x00007FF88A2C4564. Попытка записать данные по адресу 0x00000001005C60C3 в модуле C:\Windows\System32\msvcrt.dll. Спасибо _txVectoredExceptionHandler(), что сообщил. Люблю его <3

#1: TXLib [Ver: 00173a, Rev: 171, Date: 2022-07-23 02:08:28 +0400], Instance: 0x00000000005C6030 (64-bit), Flags: Cmdre0, Thread: 0x9F8 (Main), GetLastError(): 317 (Не удается найти текст сообщения с номером 0x%1 в файле сообщений %2), errno: 22 (Invalid argument), _doserrno: 3 (No such process). 

--------------------------------------------------
Стек вызовов:



--------------------------------------------------
Developed with:

The Dumb Artist Library (TX Library)
TXLib [Ver: 00173a, Rev: 171, Date: 2022-07-23 02:08:28 +0400]
Copyright (C) Ded (Ilya Dedinsky, http://txlib.ru) <mail@txlib.ru>
See license on: http://txlib.ru

TXLib file:	TXLib.h
Compiled:	Mar 14 2023 16:50:52, GNU g++ 9.2.0, std=201402L, MinGW-W64 Runtime 7.0.0 (alpha - rev. 0) 0000-00-00, 64-bit, Debug
Started:	Mar 14 2023 16:50:55

Run file:	W:\CrackMe\patcher\patcher.exe
Directory:	W:\CrackMe\patcher

--------------------------------------------------

--------------------------------------------------
TXLib соболезнует...

Программа: W:\CrackMe\patcher\patcher.exe,

ВНЕЗАПНО: signal (11, 0x00): SIGSEGV: Доступ по неверному указателю. Ставьте ассерты! 

Нарушение доступа к памяти.

#2: Исключение EXCEPTION_ACCESS_VIOLATION (0xC0000005) при выполнении кода по адресу 0x00007FF88A2C4564. Попытка записать данные по адресу 0x00000001005C60C3 в модуле C:\Windows\System32\msvcrt.dll. Спасибо _txVectoredExceptionHandler(), что сообщил. Люблю его <3

С помощью функции signal() вы можете сами обработать эту ошибку.

#2: TXLib [Ver: 00173a, Rev: 171, Date: 2022-07-23 02:08:28 +0400], Instance: 0x00000000005C6030 (64-bit), Flags: Cmdre0, Thread: 0x9F8 (Main), errno: 22 (Invalid argument), _doserrno: 3 (No such process). 

--------------------------------------------------
Стек вызовов:



--------------------------------------------------
Developed with:

The Dumb Artist Library (TX Library)
TXLib [Ver: 00173a, Rev: 171, Date: 2022-07-23 02:08:28 +0400]
Copyright (C) Ded (Ilya Dedinsky, http://txlib.ru) <mail@txlib.ru>
See license on: http://txlib.ru

TXLib file:	TXLib.h
Compiled:	Mar 14 2023 16:50:52, GNU g++ 9.2.0, std=201402L, MinGW-W64 Runtime 7.0.0 (alpha - rev. 0) 0000-00-00, 64-bit, Debug
Started:	Mar 14 2023 16:50:55

Run file:	W:\CrackMe\patcher\patcher.exe
Directory:	W:\CrackMe\patcher

--------------------------------------------------

--------------------------------------------------
TXLib предупреждает:

Программа: W:\CrackMe\patcher\patcher.exe,

ВНЕЗАПНО: Нарушение доступа к памяти.

#2: Исключение EXCEPTION_ACCESS_VIOLATION (0xC0000005) при выполнении кода по адресу 0x00007FF88A2C4564. Попытка записать данные по адресу 0x00000001005C60C3 в модуле C:\Windows\System32\msvcrt.dll. Спасибо _txVectoredExceptionHandler(), что сообщил. Люблю его <3

#1: TXLib [Ver: 00173a, Rev: 171, Date: 2022-07-23 02:08:28 +0400], Instance: 0x00000000005C6030 (64-bit), Flags: Cmdre0, Thread: 0x4AC8 (Main), GetLastError(): 317 (Не удается найти текст сообщения с номером 0x%1 в файле сообщений %2), errno: 22 (Invalid argument), _doserrno: 3 (No such process). 

--------------------------------------------------
Стек вызовов:



--------------------------------------------------
Developed with:

The Dumb Artist Library (TX Library)
TXLib [Ver: 00173a, Rev: 171, Date: 2022-07-23 02:08:28 +0400]
Copyright (C) Ded (Ilya Dedinsky, http://txlib.ru) <mail@txlib.ru>
See license on: http://txlib.ru

TXLib file:	TXLib.h
Compiled:	Mar 14 2023 16:51:16, GNU g++ 9.2.0, std=201402L, MinGW-W64 Runtime 7.0.0 (alpha - rev. 0) 0000-00-00, 64-bit, Debug
Started:	Mar 14 2023 16:51:19

Run file:	W:\CrackMe\patcher\patcher.exe
Directory:	W:\CrackMe\patcher

--------------------------------------------------

--------------------------------------------------
TXLib соболезнует...

Программа: W:\CrackMe\patcher\patcher.exe,

ВНЕЗАПНО: signal (11, 0x00): SIGSEGV: Доступ по неверному указателю. Ставьте ассерты! 

Нарушение доступа к памяти.

#2: Исключение EXCEPTION_ACCESS_VIOLATION (0xC0000005) при выполнении кода по адресу 0x00007FF88A2C4564. Попытка записать данные по адресу 0x00000001005C60C3 в модуле C:\Windows\System32\msvcrt.dll. Спасибо _txVectoredExceptionHandler(), что сообщил. Люблю его <3

С помощью функции signal() вы можете сами обработать эту ошибку.

#2: TXLib [Ver: 00173a, Rev: 171, Date: 2022-07-23 02:08:28 +0400], Instance: 0x00000000005C6030 (64-bit), Flags: Cmdre0, Thread: 0x4AC8 (Main), errno: 22 (Invalid argument), _doserrno: 3 (No such process). 

--------------------------------------------------
Стек вызовов:



--------------------------------------------------
Developed with:

The Dumb Artist Library (TX Library)
TXLib [Ver: 00173a, Rev: 171, Date: 2022-07-23 02:08:28 +0400]
Copyright (C) Ded (Ilya Dedinsky, http://txlib.ru) <mail@txlib.ru>
See license on: http://txlib.ru

TXLib file:	TXLib.h
Compiled:	Mar 14 2023 16:51:16, GNU g++ 9.2.0, std=201402L, MinGW-W64 Runtime 7.0.0 (alpha - rev. 0) 0000-00-00, 64-bit, Debug
Started:	Mar 14 2023 16:51:19

Run file:	W:\CrackMe\patcher\patcher.exe
Directory:	W:\CrackMe\patcher

--------------------------------------------------

--------------------------------------------------
TXLib предупреждает:

Программа: W:\CrackMe\patcher\patcher.exe,

ВНЕЗАПНО: Нарушение доступа к памяти.

#2: Исключение EXCEPTION_ACCESS_VIOLATION (0xC0000005) при выполнении кода по адресу 0x00007FF88A2C4564. Попытка записать данные по адресу 0x00000001005C60C3 в модуле C:\Windows\System32\msvcrt.dll. Спасибо _txVectoredExceptionHandler(), что сообщил. Люблю его <3

#1: TXLib [Ver: 00173a, Rev: 171, Date: 2022-07-23 02:08:28 +0400], Instance: 0x00000000005C6030 (64-bit), Flags: Cmdre0, Thread: 0x5298 (Main), GetLastError(): 317 (Не удается найти текст сообщения с номером 0x%1 в файле сообщений %2), errno: 22 (Invalid argument), _doserrno: 3 (No such process). 

--------------------------------------------------
Стек вызовов:



--------------------------------------------------
Developed with:

The Dumb Artist Library (TX Library)
TXLib [Ver: 00173a, Rev: 171, Date: 2022-07-23 02:08:28 +0400]
Copyright (C) Ded (Ilya Dedinsky, http://txlib.ru) <mail@txlib.ru>
See license on: http://txlib.ru

TXLib file:	TXLib.h
Compiled:	Mar 14 2023 16:51:34, GNU g++ 9.2.0, std=201402L, MinGW-W64 Runtime 7.0.0 (alpha - rev. 0) 0000-00-00, 64-bit, Debug
Started:	Mar 14 2023 16:51:37

Run file:	W:\CrackMe\patcher\patcher.exe
Directory:	W:\CrackMe\patcher

--------------------------------------------------

--------------------------------------------------
TXLib соболезнует...

Программа: W:\CrackMe\patcher\patcher.exe,

ВНЕЗАПНО: signal (11, 0x00): SIGSEGV: Доступ по неверному указателю. Ставьте ассерты! 

Нарушение доступа к памяти.

#2: Исключение EXCEPTION_ACCESS_VIOLATION (0xC0000005) при выполнении кода по адресу 0x00007FF88A2C4564. Попытка записать данные по адресу 0x00000001005C60C3 в модуле C:\Windows\System32\msvcrt.dll. Спасибо _txVectoredExceptionHandler(), что сообщил. Люблю его <3

С помощью функции signal() вы можете сами обработать эту ошибку.

#2: TXLib [Ver: 00173a, Rev: 171, Date: 2022-07-23 02:08:28 +0400], Instance: 0x00000000005C6030 (64-bit), Flags: Cmdre0, Thread: 0x5298 (Main), errno: 22 (Invalid argument), _doserrno: 3 (No such process). 

--------------------------------------------------
Стек вызовов:



--------------------------------------------------
Developed with:

The Dumb Artist Library (TX Library)
TXLib [Ver: 00173a, Rev: 171, Date: 2022-07-23 02:08:28 +0400]
Copyright (C) Ded (Ilya Dedinsky, http://txlib.ru) <mail@txlib.ru>
See license on: http://txlib.ru

TXLib file:	TXLib.h
Compiled:	Mar 14 2023 16:51:34, GNU g++ 9.2.0, std=201402L, MinGW-W64 Runtime 7.0.0 (alpha - rev. 0) 0000-00-00, 64-bit, Debug
Started:	Mar 14 2023 16:51:37

Run file:	W:\CrackMe\patcher\patcher.exe
Directory:	W:\CrackMe\patcher

--------------------------------------------------
